This file contains any messages produced by compilers while
running configure, to aid debugging if configure makes a mistake.

It was created by configure, which was
generated by GNU Autoconf 2.64.  Invocation command line was

  $ ../configure --disable-sim --with-expat --prefix=/home/priyank/Downloads/Ren_stream_it/rza_linux-4.19_bsp/gdb-7.9.1/build-gdb/z_install --target=arm-buildroot-linux-uclibcgnueabi

## --------- ##
## Platform. ##
## --------- ##

hostname = priyank-Lenovo-G50-70
uname -m = x86_64
uname -r = 5.15.0-69-generic
uname -s = Linux
uname -v = #76~20.04.1-Ubuntu SMP Mon Mar 20 15:54:19 UTC 2023

/usr/bin/uname -p = x86_64
/bin/uname -X     = unknown

/bin/arch              = x86_64
/usr/bin/arch -k       = unknown
/usr/convex/getsysinfo = unknown
/usr/bin/hostinfo      = unknown
/bin/machine           = unknown
/usr/bin/oslevel       = unknown
/bin/universe          = unknown

PATH: /home/priyank/.local/bin
PATH: /usr/local/sbin
PATH: /usr/local/bin
PATH: /usr/sbin
PATH: /usr/bin
PATH: /sbin
PATH: /bin
PATH: /usr/games
PATH: /usr/local/games
PATH: /snap/bin
PATH: /home/priyank/Downloads/LDD_Beagle_bone/workspace/LDD/downloads/gcc-linaro-11.3.1-2022.06-x86_64_arm-linux-gnueabihf/bin


## ----------- ##
## Core tests. ##
## ----------- ##

configure:2322: checking build system type
configure:2336: result: x86_64-unknown-linux-gnu
configure:2383: checking host system type
configure:2396: result: x86_64-unknown-linux-gnu
configure:2416: checking target system type
configure:2429: result: arm-buildroot-linux-uclibcgnueabi
configure:2483: checking for a BSD-compatible install
configure:2551: result: /usr/bin/install -c
configure:2562: checking whether ln works
configure:2584: result: yes
configure:2588: checking whether ln -s works
configure:2592: result: yes
configure:2599: checking for a sed that does not truncate output
configure:2663: result: /usr/bin/sed
configure:2672: checking for gawk
configure:2702: result: no
configure:2672: checking for mawk
configure:2688: found /usr/bin/mawk
configure:2699: result: mawk
configure:3981: checking for gcc
configure:3997: found /usr/bin/gcc
configure:4008: result: gcc
configure:4237: checking for C compiler version
configure:4246: gcc --version >&5
gcc (Ubuntu 9.4.0-1ubuntu1~20.04.1) 9.4.0
Copyright (C) 2019 Free Software Foundation, Inc.
This is free software; see the source for copying conditions.  There is NO
warranty; not even for MERCHANTABILITY or FITNESS FOR A PARTICULAR PURPOSE.

configure:4257: $? = 0
configure:4246: gcc -v >&5
Using built-in specs.
COLLECT_GCC=gcc
COLLECT_LTO_WRAPPER=/usr/lib/gcc/x86_64-linux-gnu/9/lto-wrapper
OFFLOAD_TARGET_NAMES=nvptx-none:hsa
OFFLOAD_TARGET_DEFAULT=1
Target: x86_64-linux-gnu
Configured with: ../src/configure -v --with-pkgversion='Ubuntu 9.4.0-1ubuntu1~20.04.1' --with-bugurl=file:///usr/share/doc/gcc-9/README.Bugs --enable-languages=c,ada,c++,go,brig,d,fortran,objc,obj-c++,gm2 --prefix=/usr --with-gcc-major-version-only --program-suffix=-9 --program-prefix=x86_64-linux-gnu- --enable-shared --enable-linker-build-id --libexecdir=/usr/lib --without-included-gettext --enable-threads=posix --libdir=/usr/lib --enable-nls --enable-clocale=gnu --enable-libstdcxx-debug --enable-libstdcxx-time=yes --with-default-libstdcxx-abi=new --enable-gnu-unique-object --disable-vtable-verify --enable-plugin --enable-default-pie --with-system-zlib --with-target-system-zlib=auto --enable-objc-gc=auto --enable-multiarch --disable-werror --with-arch-32=i686 --with-abi=m64 --with-multilib-list=m32,m64,mx32 --enable-multilib --with-tune=generic --enable-offload-targets=nvptx-none=/build/gcc-9-Av3uEd/gcc-9-9.4.0/debian/tmp-nvptx/usr,hsa --without-cuda-driver --enable-checking=release --build=x86_64-linux-gnu --host=x86_64-linux-gnu --target=x86_64-linux-gnu
Thread model: posix
gcc version 9.4.0 (Ubuntu 9.4.0-1ubuntu1~20.04.1) 
configure:4257: $? = 0
configure:4246: gcc -V >&5
gcc: error: unrecognized command line option '-V'
gcc: fatal error: no input files
compilation terminated.
configure:4257: $? = 1
configure:4246: gcc -qversion >&5
gcc: error: unrecognized command line option '-qversion'; did you mean '--version'?
gcc: fatal error: no input files
compilation terminated.
configure:4257: $? = 1
configure:4277: checking for C compiler default output file name
configure:4299: gcc    conftest.c  >&5
configure:4303: $? = 0
configure:4340: result: a.out
configure:4356: checking whether the C compiler works
configure:4365: ./a.out
configure:4369: $? = 0
configure:4384: result: yes
configure:4391: checking whether we are cross compiling
configure:4393: result: no
configure:4396: checking for suffix of executables
configure:4403: gcc -o conftest    conftest.c  >&5
configure:4407: $? = 0
configure:4429: result: 
configure:4435: checking for suffix of object files
configure:4457: gcc -c   conftest.c >&5
configure:4461: $? = 0
configure:4482: result: o
configure:4486: checking whether we are using the GNU C compiler
configure:4505: gcc -c   conftest.c >&5
configure:4505: $? = 0
configure:4514: result: yes
configure:4523: checking whether gcc accepts -g
configure:4543: gcc -c -g  conftest.c >&5
configure:4543: $? = 0
configure:4584: result: yes
configure:4601: checking for gcc option to accept ISO C89
configure:4665: gcc  -c -g -O2  conftest.c >&5
configure:4665: $? = 0
configure:4678: result: none needed
configure:4756: checking for g++
configure:4772: found /usr/bin/g++
configure:4783: result: g++
configure:4810: checking for C++ compiler version
configure:4819: g++ --version >&5
g++ (Ubuntu 9.4.0-1ubuntu1~20.04.1) 9.4.0
Copyright (C) 2019 Free Software Foundation, Inc.
This is free software; see the source for copying conditions.  There is NO
warranty; not even for MERCHANTABILITY or FITNESS FOR A PARTICULAR PURPOSE.

configure:4830: $? = 0
configure:4819: g++ -v >&5
Using built-in specs.
COLLECT_GCC=g++
COLLECT_LTO_WRAPPER=/usr/lib/gcc/x86_64-linux-gnu/9/lto-wrapper
OFFLOAD_TARGET_NAMES=nvptx-none:hsa
OFFLOAD_TARGET_DEFAULT=1
Target: x86_64-linux-gnu
Configured with: ../src/configure -v --with-pkgversion='Ubuntu 9.4.0-1ubuntu1~20.04.1' --with-bugurl=file:///usr/share/doc/gcc-9/README.Bugs --enable-languages=c,ada,c++,go,brig,d,fortran,objc,obj-c++,gm2 --prefix=/usr --with-gcc-major-version-only --program-suffix=-9 --program-prefix=x86_64-linux-gnu- --enable-shared --enable-linker-build-id --libexecdir=/usr/lib --without-included-gettext --enable-threads=posix --libdir=/usr/lib --enable-nls --enable-clocale=gnu --enable-libstdcxx-debug --enable-libstdcxx-time=yes --with-default-libstdcxx-abi=new --enable-gnu-unique-object --disable-vtable-verify --enable-plugin --enable-default-pie --with-system-zlib --with-target-system-zlib=auto --enable-objc-gc=auto --enable-multiarch --disable-werror --with-arch-32=i686 --with-abi=m64 --with-multilib-list=m32,m64,mx32 --enable-multilib --with-tune=generic --enable-offload-targets=nvptx-none=/build/gcc-9-Av3uEd/gcc-9-9.4.0/debian/tmp-nvptx/usr,hsa --without-cuda-driver --enable-checking=release --build=x86_64-linux-gnu --host=x86_64-linux-gnu --target=x86_64-linux-gnu
Thread model: posix
gcc version 9.4.0 (Ubuntu 9.4.0-1ubuntu1~20.04.1) 
configure:4830: $? = 0
configure:4819: g++ -V >&5
g++: error: unrecognized command line option '-V'
g++: fatal error: no input files
compilation terminated.
configure:4830: $? = 1
configure:4819: g++ -qversion >&5
g++: error: unrecognized command line option '-qversion'; did you mean '--version'?
g++: fatal error: no input files
compilation terminated.
configure:4830: $? = 1
configure:4834: checking whether we are using the GNU C++ compiler
configure:4853: g++ -c   conftest.cpp >&5
configure:4853: $? = 0
configure:4862: result: yes
configure:4871: checking whether g++ accepts -g
configure:4891: g++ -c -g  conftest.cpp >&5
configure:4891: $? = 0
configure:4932: result: yes
configure:4981: checking whether g++ accepts -static-libstdc++ -static-libgcc
configure:4998: g++ -o conftest -g -O2   -static-libstdc++ -static-libgcc conftest.cpp  >&5
configure:4998: $? = 0
configure:4999: result: yes
configure:5063: checking for gnatbind
configure:5093: result: no
configure:5155: checking for gnatmake
configure:5185: result: no
configure:5204: checking whether compiler driver understands Ada
configure:5227: result: no
configure:5236: checking how to compare bootstrapped objects
configure:5261: result: cmp --ignore-initial=16 $$f1 $$f2
configure:5315: checking for objdir
configure:5330: result: .libs
configure:5902: checking for version 0.10 of ISL
configure:5921: gcc -o conftest -g -O2      conftest.c  -lisl >&5
conftest.c:10:10: fatal error: isl/version.h: No such file or directory
   10 | #include <isl/version.h>
      |          ^~~~~~~~~~~~~~~
compilation terminated.
configure:5921: $? = 1
configure: program exited with status 1
configure: failed program was:
| /* confdefs.h */
| #define PACKAGE_NAME ""
| #define PACKAGE_TARNAME ""
| #define PACKAGE_VERSION ""
| #define PACKAGE_STRING ""
| #define PACKAGE_BUGREPORT ""
| #define PACKAGE_URL ""
| #define LT_OBJDIR ".libs/"
| /* end confdefs.h.  */
| #include <isl/version.h>
|    #include <string.h>
| int
| main ()
| {
| if (strncmp (isl_version (), "isl-0.10", strlen ("isl-0.10")) != 0)
|      return 1;
| 
|   ;
|   return 0;
| }
configure:5930: result: no
configure:5950: checking for version 0.11 of ISL
configure:5969: gcc -o conftest -g -O2      conftest.c  -lisl >&5
conftest.c:10:10: fatal error: isl/version.h: No such file or directory
   10 | #include <isl/version.h>
      |          ^~~~~~~~~~~~~~~
compilation terminated.
configure:5969: $? = 1
configure: program exited with status 1
configure: failed program was:
| /* confdefs.h */
| #define PACKAGE_NAME ""
| #define PACKAGE_TARNAME ""
| #define PACKAGE_VERSION ""
| #define PACKAGE_STRING ""
| #define PACKAGE_BUGREPORT ""
| #define PACKAGE_URL ""
| #define LT_OBJDIR ".libs/"
| /* end confdefs.h.  */
| #include <isl/version.h>
|    #include <string.h>
| int
| main ()
| {
| if (strncmp (isl_version (), "isl-0.11", strlen ("isl-0.11")) != 0)
|      return 1;
| 
|   ;
|   return 0;
| }
configure:5978: result: no
configure:5998: checking for version 0.12 of ISL
configure:6017: gcc -o conftest -g -O2      conftest.c  -lisl >&5
conftest.c:10:10: fatal error: isl/version.h: No such file or directory
   10 | #include <isl/version.h>
      |          ^~~~~~~~~~~~~~~
compilation terminated.
configure:6017: $? = 1
configure: program exited with status 1
configure: failed program was:
| /* confdefs.h */
| #define PACKAGE_NAME ""
| #define PACKAGE_TARNAME ""
| #define PACKAGE_VERSION ""
| #define PACKAGE_STRING ""
| #define PACKAGE_BUGREPORT ""
| #define PACKAGE_URL ""
| #define LT_OBJDIR ".libs/"
| /* end confdefs.h.  */
| #include <isl/version.h>
|    #include <string.h>
| int
| main ()
| {
| if (strncmp (isl_version (), "isl-0.12", strlen ("isl-0.12")) != 0)
|      return 1;
| 
|   ;
|   return 0;
| }
configure:6026: result: no
configure:7123: checking for default BUILD_CONFIG
configure:7155: result: 
configure:7160: checking for --enable-vtable-verify
configure:7173: result: no
configure:7762: checking for bison
configure:7778: found /usr/bin/bison
configure:7789: result: bison -y
configure:7809: checking for bison
configure:7825: found /usr/bin/bison
configure:7836: result: bison
configure:7856: checking for gm4
configure:7886: result: no
configure:7856: checking for gnum4
configure:7886: result: no
configure:7856: checking for m4
configure:7872: found /usr/bin/m4
configure:7883: result: m4
configure:7903: checking for flex
configure:7919: found /usr/bin/flex
configure:7930: result: flex
configure:7951: checking for flex
configure:7967: found /usr/bin/flex
configure:7978: result: flex
configure:7998: checking for makeinfo
configure:8014: found /usr/bin/makeinfo
configure:8025: result: makeinfo
configure:8059: checking for expect
configure:8089: result: no
configure:8108: checking for runtest
configure:8138: result: no
configure:8253: checking for ar
configure:8269: found /usr/bin/ar
configure:8280: result: ar
configure:8394: checking for as
configure:8410: found /usr/bin/as
configure:8421: result: as
configure:8535: checking for dlltool
configure:8565: result: no
configure:8676: checking for ld
configure:8692: found /usr/bin/ld
configure:8703: result: ld
configure:8817: checking for lipo
configure:8847: result: no
configure:8958: checking for nm
configure:8974: found /usr/bin/nm
configure:8985: result: nm
configure:9099: checking for ranlib
configure:9115: found /usr/bin/ranlib
configure:9126: result: ranlib
configure:9235: checking for strip
configure:9251: found /usr/bin/strip
configure:9262: result: strip
configure:9371: checking for windres
configure:9401: result: no
configure:9512: checking for windmc
configure:9542: result: no
configure:9653: checking for objcopy
configure:9669: found /usr/bin/objcopy
configure:9680: result: objcopy
configure:9794: checking for objdump
configure:9810: found /usr/bin/objdump
configure:9821: result: objdump
configure:9935: checking for readelf
configure:9951: found /usr/bin/readelf
configure:9962: result: readelf
configure:10076: checking for arm-buildroot-linux-uclibcgnueabi-cc
configure:10106: result: no
configure:10076: checking for arm-buildroot-linux-uclibcgnueabi-gcc
configure:10106: result: no
configure:10237: checking for arm-buildroot-linux-uclibcgnueabi-c++
configure:10267: result: no
configure:10237: checking for arm-buildroot-linux-uclibcgnueabi-g++
configure:10267: result: no
configure:10237: checking for arm-buildroot-linux-uclibcgnueabi-cxx
configure:10267: result: no
configure:10237: checking for arm-buildroot-linux-uclibcgnueabi-gxx
configure:10267: result: no
configure:10398: checking for arm-buildroot-linux-uclibcgnueabi-gcc
configure:10428: result: no
configure:10554: checking for arm-buildroot-linux-uclibcgnueabi-gcj
configure:10584: result: no
configure:10715: checking for arm-buildroot-linux-uclibcgnueabi-gfortran
configure:10745: result: no
configure:10876: checking for arm-buildroot-linux-uclibcgnueabi-gccgo
configure:10906: result: no
configure:11117: checking for arm-buildroot-linux-uclibcgnueabi-ar
configure:11147: result: no
configure:11347: checking for arm-buildroot-linux-uclibcgnueabi-as
configure:11377: result: no
configure:11577: checking for arm-buildroot-linux-uclibcgnueabi-dlltool
configure:11607: result: no
configure:11807: checking for arm-buildroot-linux-uclibcgnueabi-ld
configure:11837: result: no
configure:12037: checking for arm-buildroot-linux-uclibcgnueabi-lipo
configure:12067: result: no
configure:12267: checking for arm-buildroot-linux-uclibcgnueabi-nm
configure:12297: result: no
configure:12497: checking for arm-buildroot-linux-uclibcgnueabi-objcopy
configure:12527: result: no
configure:12727: checking for arm-buildroot-linux-uclibcgnueabi-objdump
configure:12757: result: no
configure:12957: checking for arm-buildroot-linux-uclibcgnueabi-ranlib
configure:12987: result: no
configure:13187: checking for arm-buildroot-linux-uclibcgnueabi-readelf
configure:13217: result: no
configure:13417: checking for arm-buildroot-linux-uclibcgnueabi-strip
configure:13447: result: no
configure:13647: checking for arm-buildroot-linux-uclibcgnueabi-windres
configure:13677: result: no
configure:13877: checking for arm-buildroot-linux-uclibcgnueabi-windmc
configure:13907: result: no
configure:13974: checking where to find the target ar
configure:14011: result: pre-installed
configure:14016: checking where to find the target as
configure:14053: result: pre-installed
configure:14058: checking where to find the target cc
configure:14095: result: pre-installed
configure:14100: checking where to find the target c++
configure:14140: result: pre-installed
configure:14145: checking where to find the target c++ for libstdc++
configure:14185: result: pre-installed
configure:14190: checking where to find the target dlltool
configure:14227: result: pre-installed
configure:14232: checking where to find the target gcc
configure:14269: result: pre-installed
configure:14274: checking where to find the target gcj
configure:14314: result: pre-installed
configure:14319: checking where to find the target gfortran
configure:14359: result: pre-installed
configure:14364: checking where to find the target gccgo
configure:14404: result: pre-installed
configure:14409: checking where to find the target ld
configure:14446: result: pre-installed
configure:14451: checking where to find the target lipo
configure:14477: result: pre-installed
configure:14482: checking where to find the target nm
configure:14519: result: pre-installed
configure:14524: checking where to find the target objcopy
configure:14561: result: pre-installed
configure:14566: checking where to find the target objdump
configure:14603: result: pre-installed
configure:14608: checking where to find the target ranlib
configure:14645: result: pre-installed
configure:14650: checking where to find the target readelf
configure:14687: result: pre-installed
configure:14692: checking where to find the target strip
configure:14729: result: pre-installed
configure:14734: checking where to find the target windres
configure:14771: result: pre-installed
configure:14776: checking where to find the target windmc
configure:14813: result: pre-installed
configure:14846: checking whether to enable maintainer-specific portions of Makefiles
configure:14855: result: no
configure:15068: creating ./config.status

## ---------------------- ##
## Running config.status. ##
## ---------------------- ##

This file was extended by config.status, which was
generated by GNU Autoconf 2.64.  Invocation command line was

  CONFIG_FILES    = 
  CONFIG_HEADERS  = 
  CONFIG_LINKS    = 
  CONFIG_COMMANDS = 
  $ ./config.status 

on priyank-Lenovo-G50-70

config.status:932: creating Makefile

## ---------------- ##
## Cache variables. ##
## ---------------- ##

ac_cv_build=x86_64-unknown-linux-gnu
ac_cv_c_compiler_gnu=yes
ac_cv_cxx_compiler_gnu=yes
ac_cv_env_AR_FOR_TARGET_set=
ac_cv_env_AR_FOR_TARGET_value=
ac_cv_env_AR_set=
ac_cv_env_AR_value=
ac_cv_env_AS_FOR_TARGET_set=
ac_cv_env_AS_FOR_TARGET_value=
ac_cv_env_AS_set=
ac_cv_env_AS_value=
ac_cv_env_CCC_set=
ac_cv_env_CCC_value=
ac_cv_env_CC_FOR_TARGET_set=
ac_cv_env_CC_FOR_TARGET_value=
ac_cv_env_CC_set=
ac_cv_env_CC_value=
ac_cv_env_CFLAGS_set=
ac_cv_env_CFLAGS_value=
ac_cv_env_CPPFLAGS_set=
ac_cv_env_CPPFLAGS_value=
ac_cv_env_CXXFLAGS_set=
ac_cv_env_CXXFLAGS_value=
ac_cv_env_CXX_FOR_TARGET_set=
ac_cv_env_CXX_FOR_TARGET_value=
ac_cv_env_CXX_set=
ac_cv_env_CXX_value=
ac_cv_env_DLLTOOL_FOR_TARGET_set=
ac_cv_env_DLLTOOL_FOR_TARGET_value=
ac_cv_env_DLLTOOL_set=
ac_cv_env_DLLTOOL_value=
ac_cv_env_GCC_FOR_TARGET_set=
ac_cv_env_GCC_FOR_TARGET_value=
ac_cv_env_GCJ_FOR_TARGET_set=
ac_cv_env_GCJ_FOR_TARGET_value=
ac_cv_env_GFORTRAN_FOR_TARGET_set=
ac_cv_env_GFORTRAN_FOR_TARGET_value=
ac_cv_env_GOC_FOR_TARGET_set=
ac_cv_env_GOC_FOR_TARGET_value=
ac_cv_env_LDFLAGS_set=
ac_cv_env_LDFLAGS_value=
ac_cv_env_LD_FOR_TARGET_set=
ac_cv_env_LD_FOR_TARGET_value=
ac_cv_env_LD_set=
ac_cv_env_LD_value=
ac_cv_env_LIBS_set=
ac_cv_env_LIBS_value=
ac_cv_env_LIPO_FOR_TARGET_set=
ac_cv_env_LIPO_FOR_TARGET_value=
ac_cv_env_LIPO_set=
ac_cv_env_LIPO_value=
ac_cv_env_NM_FOR_TARGET_set=
ac_cv_env_NM_FOR_TARGET_value=
ac_cv_env_NM_set=
ac_cv_env_NM_value=
ac_cv_env_OBJCOPY_FOR_TARGET_set=
ac_cv_env_OBJCOPY_FOR_TARGET_value=
ac_cv_env_OBJCOPY_set=
ac_cv_env_OBJCOPY_value=
ac_cv_env_OBJDUMP_FOR_TARGET_set=
ac_cv_env_OBJDUMP_FOR_TARGET_value=
ac_cv_env_OBJDUMP_set=
ac_cv_env_OBJDUMP_value=
ac_cv_env_RANLIB_FOR_TARGET_set=
ac_cv_env_RANLIB_FOR_TARGET_value=
ac_cv_env_RANLIB_set=
ac_cv_env_RANLIB_value=
ac_cv_env_READELF_FOR_TARGET_set=
ac_cv_env_READELF_FOR_TARGET_value=
ac_cv_env_READELF_set=
ac_cv_env_READELF_value=
ac_cv_env_STRIP_FOR_TARGET_set=
ac_cv_env_STRIP_FOR_TARGET_value=
ac_cv_env_STRIP_set=
ac_cv_env_STRIP_value=
ac_cv_env_WINDMC_FOR_TARGET_set=
ac_cv_env_WINDMC_FOR_TARGET_value=
ac_cv_env_WINDMC_set=
ac_cv_env_WINDMC_value=
ac_cv_env_WINDRES_FOR_TARGET_set=
ac_cv_env_WINDRES_FOR_TARGET_value=
ac_cv_env_WINDRES_set=
ac_cv_env_WINDRES_value=
ac_cv_env_build_alias_set=
ac_cv_env_build_alias_value=
ac_cv_env_build_configargs_set=
ac_cv_env_build_configargs_value=
ac_cv_env_host_alias_set=
ac_cv_env_host_alias_value=
ac_cv_env_host_configargs_set=
ac_cv_env_host_configargs_value=
ac_cv_env_target_alias_set=set
ac_cv_env_target_alias_value=arm-buildroot-linux-uclibcgnueabi
ac_cv_env_target_configargs_set=
ac_cv_env_target_configargs_value=
ac_cv_host=x86_64-unknown-linux-gnu
ac_cv_objext=o
ac_cv_path_SED=/usr/bin/sed
ac_cv_path_install='/usr/bin/install -c'
ac_cv_prog_AR=ar
ac_cv_prog_AS=as
ac_cv_prog_AWK=mawk
ac_cv_prog_BISON=bison
ac_cv_prog_FLEX=flex
ac_cv_prog_LD=ld
ac_cv_prog_LEX=flex
ac_cv_prog_M4=m4
ac_cv_prog_MAKEINFO=makeinfo
ac_cv_prog_NM=nm
ac_cv_prog_OBJCOPY=objcopy
ac_cv_prog_OBJDUMP=objdump
ac_cv_prog_RANLIB=ranlib
ac_cv_prog_READELF=readelf
ac_cv_prog_STRIP=strip
ac_cv_prog_YACC='bison -y'
ac_cv_prog_ac_ct_CC=gcc
ac_cv_prog_ac_ct_CXX=g++
ac_cv_prog_cc_c89=
ac_cv_prog_cc_g=yes
ac_cv_prog_cxx_g=yes
ac_cv_target=arm-buildroot-linux-uclibcgnueabi
acx_cv_cc_gcc_supports_ada=no
acx_cv_prog_LN=ln
gcc_cv_isl=no
gcc_cv_prog_cmp_skip='cmp --ignore-initial=16 $$f1 $$f2'
gcc_cv_tool_dirs=
gcc_cv_tool_prefix=/home/priyank/Downloads/Ren_stream_it/rza_linux-4.19_bsp/gdb-7.9.1/build-gdb/z_install
lt_cv_objdir=.libs

## ----------------- ##
## Output variables. ##
## ----------------- ##

AR='ar'
AR_FOR_BUILD='$(AR)'
AR_FOR_TARGET='arm-buildroot-linux-uclibcgnueabi-ar'
AS='as'
AS_FOR_BUILD='$(AS)'
AS_FOR_TARGET='arm-buildroot-linux-uclibcgnueabi-as'
AWK='mawk'
BISON='bison'
BUILD_CONFIG=''
CC='gcc'
CC_FOR_BUILD='$(CC)'
CC_FOR_TARGET='arm-buildroot-linux-uclibcgnueabi-cc'
CFLAGS='-g -O2'
CFLAGS_FOR_BUILD='-g -O2'
CFLAGS_FOR_TARGET='-g -O2'
COMPILER_AS_FOR_TARGET='$(AS_FOR_TARGET)'
COMPILER_LD_FOR_TARGET='$(LD_FOR_TARGET)'
COMPILER_NM_FOR_TARGET='$(NM_FOR_TARGET)'
CONFIGURE_GDB_TK=''
CPPFLAGS=''
CXX='g++'
CXXFLAGS='-g -O2'
CXXFLAGS_FOR_BUILD='-g -O2'
CXXFLAGS_FOR_TARGET='-g -O2'
CXX_FOR_BUILD='$(CXX)'
CXX_FOR_TARGET='arm-buildroot-linux-uclibcgnueabi-c++'
DEBUG_PREFIX_CFLAGS_FOR_TARGET=''
DEFS='-DPACKAGE_NAME=\"\" -DPACKAGE_TARNAME=\"\" -DPACKAGE_VERSION=\"\" -DPACKAGE_STRING=\"\" -DPACKAGE_BUGREPORT=\"\" -DPACKAGE_URL=\"\" -DLT_OBJDIR=\".libs/\"'
DLLTOOL='dlltool'
DLLTOOL_FOR_BUILD='$(DLLTOOL)'
DLLTOOL_FOR_TARGET='arm-buildroot-linux-uclibcgnueabi-dlltool'
ECHO_C=''
ECHO_N='-n'
ECHO_T=''
EXEEXT=''
EXPECT='expect'
EXTRA_CONFIGARGS_LIBJAVA='--disable-static'
FLAGS_FOR_TARGET=''
FLEX='flex'
GCC_FOR_TARGET='arm-buildroot-linux-uclibcgnueabi-gcc'
GCC_SHLIB_SUBDIR=''
GCJ_FOR_BUILD='$(GCJ)'
GCJ_FOR_TARGET='arm-buildroot-linux-uclibcgnueabi-gcj'
GDB_TK=''
GFORTRAN_FOR_BUILD='$(GFORTRAN)'
GFORTRAN_FOR_TARGET='arm-buildroot-linux-uclibcgnueabi-gfortran'
GNATBIND='no'
GNATMAKE='no'
GOC_FOR_BUILD='$(GOC)'
GOC_FOR_TARGET='arm-buildroot-linux-uclibcgnueabi-gccgo'
INSTALL_DATA='${INSTALL} -m 644'
INSTALL_GDB_TK=''
INSTALL_PROGRAM='${INSTALL}'
INSTALL_SCRIPT='${INSTALL}'
LD='ld'
LDFLAGS=''
LDFLAGS_FOR_BUILD=''
LDFLAGS_FOR_TARGET=''
LD_FOR_BUILD='$(LD)'
LD_FOR_TARGET='arm-buildroot-linux-uclibcgnueabi-ld'
LEX='flex'
LIBOBJS=''
LIBS=''
LIPO='lipo'
LIPO_FOR_TARGET='arm-buildroot-linux-uclibcgnueabi-lipo'
LN='ln'
LN_S='ln -s'
LTLIBOBJS=''
M4='m4'
MAINT='#'
MAINTAINER_MODE_FALSE=''
MAINTAINER_MODE_TRUE='#'
MAKEINFO='makeinfo'
NM='nm'
NM_FOR_BUILD='$(NM)'
NM_FOR_TARGET='arm-buildroot-linux-uclibcgnueabi-nm'
OBJCOPY='objcopy'
OBJCOPY_FOR_TARGET='arm-buildroot-linux-uclibcgnueabi-objcopy'
OBJDUMP='objdump'
OBJDUMP_FOR_TARGET='arm-buildroot-linux-uclibcgnueabi-objdump'
OBJEXT='o'
PACKAGE_BUGREPORT=''
PACKAGE_NAME=''
PACKAGE_STRING=''
PACKAGE_TARNAME=''
PACKAGE_URL=''
PACKAGE_VERSION=''
PATH_SEPARATOR=':'
RANLIB='ranlib'
RANLIB_FOR_BUILD='$(RANLIB)'
RANLIB_FOR_TARGET='arm-buildroot-linux-uclibcgnueabi-ranlib'
RAW_CXX_FOR_TARGET='arm-buildroot-linux-uclibcgnueabi-c++'
READELF='readelf'
READELF_FOR_TARGET='arm-buildroot-linux-uclibcgnueabi-readelf'
RPATH_ENVVAR='LD_LIBRARY_PATH'
RUNTEST='runtest'
SED='/usr/bin/sed'
SHELL='/bin/bash'
STRIP='strip'
STRIP_FOR_TARGET='arm-buildroot-linux-uclibcgnueabi-strip'
SYSROOT_CFLAGS_FOR_TARGET=''
TOPLEVEL_CONFIGURE_ARGUMENTS='../configure --disable-sim --with-expat --prefix=/home/priyank/Downloads/Ren_stream_it/rza_linux-4.19_bsp/gdb-7.9.1/build-gdb/z_install --target=arm-buildroot-linux-uclibcgnueabi'
WINDMC='windmc'
WINDMC_FOR_BUILD='$(WINDMC)'
WINDMC_FOR_TARGET='arm-buildroot-linux-uclibcgnueabi-windmc'
WINDRES='windres'
WINDRES_FOR_BUILD='$(WINDRES)'
WINDRES_FOR_TARGET='arm-buildroot-linux-uclibcgnueabi-windres'
YACC='bison -y'
ac_ct_CC='gcc'
ac_ct_CXX='g++'
bindir='${exec_prefix}/bin'
build='x86_64-unknown-linux-gnu'
build_alias=''
build_configargs=' --cache-file=../config.cache '\''--disable-sim'\'' '\''--with-expat'\'' '\''--prefix=/home/priyank/Downloads/Ren_stream_it/rza_linux-4.19_bsp/gdb-7.9.1/build-gdb/z_install'\'' --program-transform-name='\''s&^&arm-buildroot-linux-uclibcgnueabi-&'\'' --disable-option-checking'
build_configdirs=' libiberty'
build_cpu='x86_64'
build_libsubdir='build-x86_64-unknown-linux-gnu'
build_noncanonical='x86_64-unknown-linux-gnu'
build_os='linux-gnu'
build_subdir='build-x86_64-unknown-linux-gnu'
build_tooldir='${exec_prefix}/arm-buildroot-linux-uclibcgnueabi'
build_vendor='unknown'
clooginc=''
clooglibs=''
compare_exclusions='gcc/cc*-checksum$(objext) | gcc/ada/*tools/*'
configdirs=' intl libiberty opcodes bfd readline libdecnumber gdb etc'
datadir='${datarootdir}'
datarootdir='${prefix}/share'
do_compare='cmp --ignore-initial=16 $$f1 $$f2'
docdir='${datarootdir}/doc/${PACKAGE}'
dvidir='${docdir}'
exec_prefix='${prefix}'
extra_host_libiberty_configure_flags=''
extra_isl_gmp_configure_flags=''
extra_mpc_gmp_configure_flags=''
extra_mpc_mpfr_configure_flags=''
extra_mpfr_configure_flags=''
gmpinc=''
gmplibs='-lmpc -lmpfr -lgmp'
host='x86_64-unknown-linux-gnu'
host_alias=''
host_configargs=' --cache-file=./config.cache  --with-system-zlib '\''--disable-sim'\'' '\''--with-expat'\'' '\''--prefix=/home/priyank/Downloads/Ren_stream_it/rza_linux-4.19_bsp/gdb-7.9.1/build-gdb/z_install'\'' --program-transform-name='\''s&^&arm-buildroot-linux-uclibcgnueabi-&'\'' --disable-option-checking'
host_cpu='x86_64'
host_noncanonical='x86_64-unknown-linux-gnu'
host_os='linux-gnu'
host_shared='no'
host_subdir='.'
host_vendor='unknown'
htmldir='${docdir}'
includedir='${prefix}/include'
infodir='${datarootdir}/info'
islinc=''
libdir='${exec_prefix}/lib'
libexecdir='${exec_prefix}/libexec'
localedir='${datarootdir}/locale'
localstatedir='${prefix}/var'
mandir='${datarootdir}/man'
oldincludedir='/usr/include'
pdfdir='${docdir}'
poststage1_ldflags='-static-libstdc++ -static-libgcc'
poststage1_libs=''
prefix='/home/priyank/Downloads/Ren_stream_it/rza_linux-4.19_bsp/gdb-7.9.1/build-gdb/z_install'
program_transform_name='s&^&arm-buildroot-linux-uclibcgnueabi-&'
psdir='${docdir}'
sbindir='${exec_prefix}/sbin'
sharedstatedir='${prefix}/com'
stage1_cflags='-g'
stage1_checking='--enable-checking=yes,types'
stage1_languages=',c,'
stage1_ldflags='-static-libstdc++ -static-libgcc'
stage1_libs=''
stage2_werror_flag=''
sysconfdir='${prefix}/etc'
target='arm-buildroot-linux-uclibcgnueabi'
target_alias='arm-buildroot-linux-uclibcgnueabi'
target_configargs='--cache-file=./config.cache --enable-multilib --with-cross-host=x86_64-unknown-linux-gnu   '\''--disable-sim'\'' '\''--with-expat'\'' '\''--prefix=/home/priyank/Downloads/Ren_stream_it/rza_linux-4.19_bsp/gdb-7.9.1/build-gdb/z_install'\'' --program-transform-name='\''s&^&arm-buildroot-linux-uclibcgnueabi-&'\'' --disable-option-checking'
target_configdirs=''
target_cpu='arm'
target_noncanonical='arm-buildroot-linux-uclibcgnueabi'
target_os='linux-uclibcgnueabi'
target_subdir='arm-buildroot-linux-uclibcgnueabi'
target_vendor='buildroot'
tooldir='${exec_prefix}/arm-buildroot-linux-uclibcgnueabi'

## ------------------- ##
## File substitutions. ##
## ------------------- ##

alphaieee_frag='/dev/null'
host_makefile_frag='/dev/null'
ospace_frag='/dev/null'
serialization_dependencies='serdep.tmp'
target_makefile_frag='../config/mt-gnu'

## ----------- ##
## confdefs.h. ##
## ----------- ##

/* confdefs.h */
#define PACKAGE_NAME ""
#define PACKAGE_TARNAME ""
#define PACKAGE_VERSION ""
#define PACKAGE_STRING ""
#define PACKAGE_BUGREPORT ""
#define PACKAGE_URL ""
#define LT_OBJDIR ".libs/"

configure: exit 0
